<?xml version="1.0" encoding="UTF-8"?>
<!-- Generated by org.testng.reporters.JUnitReportReporter -->
<testsuite skipped="0" hostname="DESKTOP-AI8SO4K" name="newreest.testrest" tests="1" failures="0" timestamp="13 Oct 2017 21:50:20 GMT" time="1.665" errors="0">
  <testcase name="makeSureThatGoogle" time="1.665" classname="newreest.testrest"/>
</testsuite> <!-- newreest.testrest -->
